<?xml version="1.0" encoding="UTF-8"?>
<testng-results ignored="0" total="3" passed="3" failed="0" skipped="0">
  <reporter-output>
  </reporter-output>
  <suite started-at="2022-12-15T11:30:03 IST" name="Default suite" finished-at="2022-12-15T11:30:20 IST" duration-ms="16223">
    <groups>
    </groups>
    <test started-at="2022-12-15T11:30:03 IST" name="Default test" finished-at="2022-12-15T11:30:20 IST" duration-ms="16223">
      <class name="Screenshots.FirstTest">
        <test-method is-config="true" signature="Start()[pri:0, instance:Screenshots.FirstTest@f0da945]" started-at="2022-12-15T11:30:03 IST" name="Start" finished-at="2022-12-15T11:30:06 IST" duration-ms="2902" status="PASS">
          <reporter-output>
          </reporter-output>
        </test-method> <!-- Start -->
        <test-method signature="Launch()[pri:0, instance:Screenshots.FirstTest@f0da945]" started-at="2022-12-15T11:30:06 IST" name="Launch" finished-at="2022-12-15T11:30:07 IST" duration-ms="779" status="PASS">
          <reporter-output>
          </reporter-output>
        </test-method> <!-- Launch -->
        <test-method signature="Login()[pri:0, instance:Screenshots.FirstTest@f0da945]" started-at="2022-12-15T11:30:07 IST" name="Login" finished-at="2022-12-15T11:30:10 IST" duration-ms="2385" status="PASS">
          <reporter-output>
          </reporter-output>
        </test-method> <!-- Login -->
        <test-method signature="Sign_In()[pri:0, instance:Screenshots.FirstTest@f0da945]" started-at="2022-12-15T11:30:10 IST" name="Sign_In" finished-at="2022-12-15T11:30:11 IST" duration-ms="1081" status="PASS">
          <reporter-output>
          </reporter-output>
        </test-method> <!-- Sign_In -->
        <test-method is-config="true" signature="Stop()[pri:0, instance:Screenshots.FirstTest@f0da945]" started-at="2022-12-15T11:30:19 IST" name="Stop" finished-at="2022-12-15T11:30:20 IST" duration-ms="311" status="PASS">
          <reporter-output>
          </reporter-output>
        </test-method> <!-- Stop -->
      </class> <!-- Screenshots.FirstTest -->
    </test> <!-- Default test -->
  </suite> <!-- Default suite -->
</testng-results>
