<?xml version="1.0" encoding="UTF-8"?>
<!-- Generated by org.testng.reporters.JUnitXMLReporter -->
<testsuite ignored="0" hostname="DESKTOP-R6PJG4D" failures="0" tests="4" name="Test" time="27.268" errors="0" timestamp="2022-12-13T16:19:18 IST">
  <testcase classname="testNG.Dataproviders" name="Data" time="16.48"/>
  <testcase classname="testNG.Dataproviders" name="Data" time="16.479"/>
  <testcase classname="testNG.Dataproviders" name="Data" time="16.599"/>
  <testcase classname="testNG.Dataproviders" name="Data" time="10.694"/>
</testsuite> <!-- Test -->
