<?xml version="1.0" encoding="UTF-8"?>
<!-- Generated by org.testng.reporters.JUnitXMLReporter -->
<testsuite ignored="0" hostname="DESKTOP-R6PJG4D" failures="0" tests="3" name="Default test" time="16.223" errors="0" timestamp="2022-12-15T11:30:20 IST">
  <testcase classname="Screenshots.FirstTest" name="Launch" time="0.779"/>
  <testcase classname="Screenshots.FirstTest" name="Login" time="2.385"/>
  <testcase classname="Screenshots.FirstTest" name="Sign_In" time="1.081"/>
</testsuite> <!-- Default test -->
