<?xml version="1.0" encoding="UTF-8"?>
<!-- Generated by org.testng.reporters.JUnitXMLReporter -->
<testsuite ignored="0" hostname="DESKTOP-R6PJG4D" failures="1" tests="1" name="Multiply" time="0.015" errors="0" timestamp="2022-12-06T18:07:36 IST">
  <testcase classname="practise.Multiply" name="add" time="0.0">
    <failure type="org.testng.TestNGException" message="
Parameter &amp;apos;d&amp;apos; is required by @Test on method add but has not been marked @Optional or defined
in C:\Users\ADMIN\eclipse-workspace\Dec6th\src\test\resources\NewFile.xml">
      <![CDATA[org.testng.TestNGException: 
Parameter 'd' is required by @Test on method add but has not been marked @Optional or defined
in C:\Users\ADMIN\eclipse-workspace\Dec6th\src\test\resources\NewFile.xml
at java.base/java.util.ArrayList.forEach(ArrayList.java:1511)
... Removed 26 stack frames]]>
    </failure>
  </testcase> <!-- add -->
</testsuite> <!-- Multiply -->
