<?xml version="1.0" encoding="UTF-8"?>
<!-- Generated by org.testng.reporters.JUnitXMLReporter -->
<testsuite ignored="0" hostname="DESKTOP-R6PJG4D" failures="0" tests="4" name="Testing2" time="0.184" errors="0" timestamp="2022-12-14T11:24:23 IST">
  <testcase classname="parallell.Test2" name="Testmethod5" time="0.018"/>
  <testcase classname="parallell.Test2" name="Testmethod6" time="0.013"/>
  <testcase classname="parallell.Test2" name="Testmethod7" time="0.003"/>
  <testcase classname="parallell.Test2" name="Testmethod8" time="0.004"/>
</testsuite> <!-- Testing2 -->
