<?xml version="1.0" encoding="UTF-8"?>
<!-- Generated by org.testng.reporters.JUnitXMLReporter -->
<testsuite ignored="0" hostname="DESKTOP-R6PJG4D" failures="0" tests="3" name="Testing" time="0.113" errors="0" timestamp="2022-12-07T15:28:07 IST">
  <testcase classname="com.psr.groupTest.NewTest" name="test1" time="0.024"/>
  <testcase classname="com.psr.groupTest.NewTest" name="test2" time="0.004"/>
  <testcase classname="com.psr.groupTest.NewTest" name="test3" time="0.002"/>
</testsuite> <!-- Testing -->
