<?xml version="1.0" encoding="UTF-8"?>
<!-- Generated by org.testng.reporters.JUnitXMLReporter -->
<testsuite ignored="1" hostname="DESKTOP-R6PJG4D" failures="0" tests="6" name="test" time="0.123" errors="0" timestamp="2022-12-07T15:16:05 IST">
  <testcase classname="com.psr.groupTest.NewTest" name="test1" time="0.011"/>
  <testcase classname="com.psr.groupTest.NewTest" name="test2" time="0.002"/>
  <testcase classname="com.psr.groupTest.NewTest" name="test3" time="0.004"/>
  <testcase classname="com.psr.groupTest.NewTest1" name="test4" time="0.002"/>
  <testcase classname="com.psr.groupTest.NewTest1" name="test5" time="0.002"/>
  <testcase classname="com.psr.groupTest.NewTest1" name="test6" time="0.002"/>
  <testcase classname="com.psr.groupTest.NewTest1" name="test7" time="0.0">
    <ignored/>
  </testcase> <!-- test7 -->
</testsuite> <!-- test -->
