<?xml version="1.0" encoding="UTF-8"?>
<!-- Generated by org.testng.reporters.JUnitXMLReporter -->
<testsuite ignored="0" hostname="DESKTOP-R6PJG4D" failures="0" tests="5" name="Testing1" time="0.187" errors="0" timestamp="2022-12-14T11:24:23 IST">
  <testcase classname="parallell.Test1" name="Testmethod" time="0.017"/>
  <testcase classname="parallell.Test1" name="Testmethod1" time="0.008"/>
  <testcase classname="parallell.Test1" name="Testmethod2" time="0.004"/>
  <testcase classname="parallell.Test1" name="Testmethod3" time="0.005"/>
  <testcase classname="parallell.Test1" name="Testmethod4" time="0.002"/>
</testsuite> <!-- Testing1 -->
