<?xml version="1.0" encoding="UTF-8"?>
<!-- Generated by org.testng.reporters.JUnitXMLReporter -->
<testsuite ignored="0" hostname="DESKTOP-R6PJG4D" failures="0" tests="8" name="Test1" time="0.206" errors="0" timestamp="2022-12-08T11:04:08 IST">
  <testcase classname="com.psr.dependencyTests.TestGroupDependency" name="test6" time="0.024"/>
  <testcase classname="com.psr.dependencyTests.TestGroupDependency" name="test7" time="0.003"/>
  <testcase classname="com.psr.dependencyTests.TestGroupDependency" name="test4" time="0.003"/>
  <testcase classname="com.psr.dependencyTests.TestGroupDependency" name="test5" time="0.005"/>
  <testcase classname="com.psr.dependencyTests.TestGroupDependency" name="test1" time="0.008"/>
  <testcase classname="com.psr.dependencyTests.TestGroupDependency" name="test2" time="0.004"/>
  <testcase classname="com.psr.dependencyTests.TestGroupDependency" name="test3" time="0.003"/>
  <testcase classname="com.psr.dependencyTests.TestGroupDependency" name="test0" time="0.002"/>
</testsuite> <!-- Test1 -->
